<?xml version="1.0" encoding="UTF-8"?>
<Site BuildName="(empty)"
	BuildStamp="20250217-0621-Experimental"
	Name="azusagawa"
	Generator="ctest-3.16.3"
	CompilerName="/usr/bin/c++"
	CompilerVersion="9.4.0"
	OSName="Linux"
	Hostname="azusagawa"
	OSRelease="5.15.0-131-generic"
	OSVersion="#141~20.04.1-Ubuntu SMP Thu Jan 16 18:38:51 UTC 2025"
	OSPlatform="x86_64"
	Is64Bits="1"
	VendorString="AuthenticAMD"
	VendorID="Advanced Micro Devices"
	FamilyID="25"
	ModelID="80"
	ProcessorCacheSize="512"
	NumberOfLogicalCPU="16"
	NumberOfPhysicalCPU="8"
	TotalVirtualMemory="15624"
	TotalPhysicalMemory="31941"
	LogicalProcessorsPerPhysical="2"
	ProcessorClockFrequency="3681.59"
	>
	<Testing>
		<StartDateTime>Feb 17 14:21 CST</StartDateTime>
		<StartTestTime>1739773301</StartTestTime>
		<TestList/>
		<EndDateTime>Feb 17 14:21 CST</EndDateTime>
		<EndTestTime>1739773301</EndTestTime>
		<ElapsedMinutes>0</ElapsedMinutes>
	</Testing>
</Site>
